# JRE version: OpenJDK Runtime Environment (17.0.6) (build 17.0.6+0-b2043.56-9586694)
# Java VM: OpenJDK 64-Bit Server VM (17.0.6+0-b2043.56-9586694, mixed mode, tiered, compressed oops, compressed class ptrs, g1 gc, windows-amd64)
GC Precious Log:
 CPUs: 8 total, 8 available
 Memory: 16226M
 Large Page Support: Disabled
 NUMA Support: Disabled
 Compressed Oops: Enabled (32-bit)
 Heap Region Size: 1M
 Heap Min Capacity: 8M
 Heap Initial Capacity: 254M
 Heap Max Capacity: 2G
 Pre-touch: Disabled
 Parallel Workers: 8
 Concurrent Workers: 2
 Concurrent Refinement Workers: 8
 Periodic GC: Disabled
Heap:
 garbage-first heap   total 352256K, used 203750K [0x0000000080000000, 0x0000000100000000)
  region size 1024K, 2 young (2048K), 2 survivors (2048K)
 Metaspace       used 121379K, committed 122048K, reserved 1155072K
  class space    used 16555K, committed 16896K, reserved 1048576K
GC Heap History (20 events):
Event: 23.085 GC heap after
{Heap after GC invocations=57 (full 0):
 garbage-first heap   total 174080K, used 106250K [0x0000000080000000, 0x0000000100000000)
  region size 1024K, 1 young (1024K), 1 survivors (1024K)
 Metaspace       used 105056K, committed 105664K, reserved 1146880K
  class space    used 14265K, committed 14528K, reserved 1048576K
}
Event: 23.650 GC heap before
{Heap before GC invocations=57 (full 0):
 garbage-first heap   total 174080K, used 131850K [0x0000000080000000, 0x0000000100000000)
  region size 1024K, 27 young (27648K), 1 survivors (1024K)
 Metaspace       used 105645K, committed 106304K, reserved 1146880K
  class space    used 14321K, committed 14592K, reserved 1048576K
}
Event: 23.662 GC heap after
{Heap after GC invocations=58 (full 0):
 garbage-first heap   total 174080K, used 119072K [0x0000000080000000, 0x0000000100000000)
  region size 1024K, 5 young (5120K), 5 survivors (5120K)
 Metaspace       used 105645K, committed 106304K, reserved 1146880K
  class space    used 14321K, committed 14592K, reserved 1048576K
}
Event: 24.190 GC heap before
{Heap before GC invocations=59 (full 0):
 garbage-first heap   total 229376K, used 149792K [0x0000000080000000, 0x0000000100000000)
  region size 1024K, 21 young (21504K), 5 survivors (5120K)
 Metaspace       used 107235K, committed 107904K, reserved 1146880K
  class space    used 14481K, committed 14784K, reserved 1048576K
}
Event: 24.198 GC heap after
{Heap after GC invocations=60 (full 0):
 garbage-first heap   total 229376K, used 120497K [0x0000000080000000, 0x0000000100000000)
  region size 1024K, 2 young (2048K), 2 survivors (2048K)
 Metaspace       used 107235K, committed 107904K, reserved 1146880K
  class space    used 14481K, committed 14784K, reserved 1048576K
}
Event: 24.305 GC heap before
{Heap before GC invocations=60 (full 0):
 garbage-first heap   total 229376K, used 128689K [0x0000000080000000, 0x0000000100000000)
  region size 1024K, 11 young (11264K), 2 survivors (2048K)
 Metaspace       used 107698K, committed 108416K, reserved 1146880K
  class space    used 14552K, committed 14912K, reserved 1048576K
}
Event: 24.311 GC heap after
{Heap after GC invocations=61 (full 0):
 garbage-first heap   total 324608K, used 120524K [0x0000000080000000, 0x0000000100000000)
  region size 1024K, 1 young (1024K), 1 survivors (1024K)
 Metaspace       used 107698K, committed 108416K, reserved 1146880K
  class space    used 14552K, committed 14912K, reserved 1048576K
}
Event: 26.766 GC heap before
{Heap before GC invocations=61 (full 0):
 garbage-first heap   total 324608K, used 227020K [0x0000000080000000, 0x0000000100000000)
  region size 1024K, 95 young (97280K), 1 survivors (1024K)
 Metaspace       used 110719K, committed 111360K, reserved 1146880K
  class space    used 14870K, committed 15168K, reserved 1048576K
}
Event: 26.775 GC heap after
{Heap after GC invocations=62 (full 0):
 garbage-first heap   total 324608K, used 140745K [0x0000000080000000, 0x0000000100000000)
  region size 1024K, 10 young (10240K), 10 survivors (10240K)
 Metaspace       used 110719K, committed 111360K, reserved 1146880K
  class space    used 14870K, committed 15168K, reserved 1048576K
}
Event: 27.281 GC heap before
{Heap before GC invocations=62 (full 0):
 garbage-first heap   total 324608K, used 183753K [0x0000000080000000, 0x0000000100000000)
  region size 1024K, 39 young (39936K), 10 survivors (10240K)
 Metaspace       used 114436K, committed 115136K, reserved 1155072K
  class space    used 15389K, committed 15680K, reserved 1048576K
}
Event: 27.291 GC heap after
{Heap after GC invocations=63 (full 0):
 garbage-first heap   total 324608K, used 153005K [0x0000000080000000, 0x0000000100000000)
  region size 1024K, 6 young (6144K), 6 survivors (6144K)
 Metaspace       used 114436K, committed 115136K, reserved 1155072K
  class space    used 15389K, committed 15680K, reserved 1048576K
}
Event: 28.541 GC heap before
{Heap before GC invocations=64 (full 0):
 garbage-first heap   total 324608K, used 253357K [0x0000000080000000, 0x0000000100000000)
  region size 1024K, 96 young (98304K), 6 survivors (6144K)
 Metaspace       used 117307K, committed 118016K, reserved 1155072K
  class space    used 15977K, committed 16320K, reserved 1048576K
}
Event: 28.580 GC heap after
{Heap after GC invocations=65 (full 0):
 garbage-first heap   total 324608K, used 187941K [0x0000000080000000, 0x0000000100000000)
  region size 1024K, 12 young (12288K), 12 survivors (12288K)
 Metaspace       used 117307K, committed 118016K, reserved 1155072K
  class space    used 15977K, committed 16320K, reserved 1048576K
}
Event: 28.591 GC heap before
{Heap before GC invocations=65 (full 0):
 garbage-first heap   total 324608K, used 191012K [0x0000000080000000, 0x0000000100000000)
  region size 1024K, 15 young (15360K), 12 survivors (12288K)
 Metaspace       used 117308K, committed 118016K, reserved 1155072K
  class space    used 15977K, committed 16320K, reserved 1048576K
}
Event: 28.612 GC heap after
{Heap after GC invocations=66 (full 0):
 garbage-first heap   total 324608K, used 189432K [0x0000000080000000, 0x0000000100000000)
  region size 1024K, 2 young (2048K), 2 survivors (2048K)
 Metaspace       used 117308K, committed 118016K, reserved 1155072K
  class space    used 15977K, committed 16320K, reserved 1048576K
}
Event: 29.186 GC heap before
{Heap before GC invocations=66 (full 0):
 garbage-first heap   total 324608K, used 246776K [0x0000000080000000, 0x0000000100000000)
  region size 1024K, 59 young (60416K), 2 survivors (2048K)
 Metaspace       used 119084K, committed 119808K, reserved 1155072K
  class space    used 16214K, committed 16576K, reserved 1048576K
}
Event: 29.212 GC heap after
{Heap after GC invocations=67 (full 0):
 garbage-first heap   total 324608K, used 216027K [0x0000000080000000, 0x0000000100000000)
  region size 1024K, 8 young (8192K), 8 survivors (8192K)
 Metaspace       used 119084K, committed 119808K, reserved 1155072K
  class space    used 16214K, committed 16576K, reserved 1048576K
}
Event: 29.947 GC heap before
{Heap before GC invocations=68 (full 0):
 garbage-first heap   total 352256K, used 240603K [0x0000000080000000, 0x0000000100000000)
  region size 1024K, 44 young (45056K), 8 survivors (8192K)
 Metaspace       used 120849K, committed 121536K, reserved 1155072K
  class space    used 16476K, committed 16832K, reserved 1048576K
}
Event: 29.961 GC heap after
{Heap after GC invocations=69 (full 0):
 garbage-first heap   total 352256K, used 209339K [0x0000000080000000, 0x0000000100000000)
  region size 1024K, 4 young (4096K), 4 survivors (4096K)
 Metaspace       used 120849K, committed 121536K, reserved 1155072K
  class space    used 16476K, committed 16832K, reserved 1048576K
}
Event: 30.156 GC heap before
{Heap before GC invocations=69 (full 0):
 garbage-first heap   total 352256K, used 221627K [0x0000000080000000, 0x0000000100000000)
  region size 1024K, 17 young (17408K), 4 survivors (4096K)
 Metaspace       used 121379K, committed 122048K, reserved 1155072K
  class space    used 16555K, committed 16896K, reserved 1048576K
}

